<?xml version="1.0" encoding="UTF-8"?>
<!-- Generated by org.testng.reporters.JUnitXMLReporter -->
<testsuite hostname="vaibs-pc" ignored="0" name="Test" tests="1" failures="0" timestamp="2021-10-15T09:45:00 IST" time="0.06" errors="0">
  <testcase name="@BeforeTest setup" time="-1.634271300626E9" classname="easeMyTrip.WindowHandling">
    <failure type="org.testng.TestNGException" message="
Parameter &amp;apos;browser&amp;apos; is required by BeforeTest on method setup but has not been marked @Optional or defined
in C:\Users\Acer\eclipse-workspace\LTI\Project_gladiator\testng.xml">
      <![CDATA[org.testng.TestNGException: 
Parameter 'browser' is required by BeforeTest on method setup but has not been marked @Optional or defined
in C:\Users\Acer\eclipse-workspace\LTI\Project_gladiator\testng.xml
... Removed 21 stack frames]]>
    </failure>
  </testcase> <!-- @BeforeTest setup -->
  <testcase name="@AfterTest teardown" time="-1.634271300678E9" classname="easeMyTrip.WindowHandling">
    <skipped/>
  </testcase> <!-- @AfterTest teardown -->
  <testcase name="test1" time="0.0" classname="easeMyTrip.MultiCityPage">
    <skipped/>
  </testcase> <!-- test1 -->
</testsuite> <!-- Test -->
